android/app/build/intermediates/manifest_merge_blame_file/debug/manifest-merger-blame-debug-report.txt
1<?xml version="1.0" encoding="utf-8"?>
2<manifest xmlns:android="http://schemas.android.com/apk/res/android"
3    package="com.example.per_rat"
4    android:versionCode="1"
5    android:versionName="1.0.0" >
6
7    <uses-sdk
8        android:minSdkVersion="21"
9        android:targetSdkVersion="33" />
10    <!--
11         The INTERNET permission is required for development. Specifically,
12         the Flutter tool needs it to communicate with the running application
13         to allow setting breakpoints, to provide hot reload, etc.
14    -->
15    <uses-permission android:name="android.permission.INTERNET" />
15-->src\debug\AndroidManifest.xml:6:5-66
15-->src\debug\AndroidManifest.xml:6:22-64
16    <uses-permission android:name="android.permission.WAKE_LOCK" />
16-->[:firebase_messaging] AndroidManifest.xml:10:5-68
16-->[:firebase_messaging] AndroidManifest.xml:10:22-65
17    <uses-permission android:name="android.permission.ACCESS_NETWORK_STATE" /> <!-- Permissions options for the `notification` group -->
17-->[:firebase_messaging] AndroidManifest.xml:11:5-79
17-->[:firebase_messaging] AndroidManifest.xml:11:22-76
18    <uses-permission android:name="android.permission.POST_NOTIFICATIONS" />
18-->[:firebase_messaging] AndroidManifest.xml:13:5-77
18-->[:firebase_messaging] AndroidManifest.xml:13:22-74
19
20    <queries>
20-->[:flutter_inappwebview] AndroidManifest.xml:9:5-13:15
21        <intent>
21-->[:flutter_inappwebview] AndroidManifest.xml:10:9-12:18
22            <action android:name="android.support.customtabs.action.CustomTabsService" />
22-->[:flutter_inappwebview] AndroidManifest.xml:11:13-90
22-->[:flutter_inappwebview] AndroidManifest.xml:11:21-87
23        </intent>
24    </queries> <!-- Required by older versions of Google Play services to create IID tokens -->
25    <uses-permission android:name="com.google.android.c2dm.permission.RECEIVE" />
25-->[com.google.firebase:firebase-messaging:23.4.1] AndroidManifest.xml:26:5-82
25-->[com.google.firebase:firebase-messaging:23.4.1] AndroidManifest.xml:26:22-79
26    <uses-permission android:name="com.google.android.providers.gsf.permission.READ_GSERVICES" />
26-->[com.google.android.recaptcha:recaptcha:18.4.0] AndroidManifest.xml:9:5-98
26-->[com.google.android.recaptcha:recaptcha:18.4.0] AndroidManifest.xml:9:22-95
27
28    <permission
28-->[androidx.core:core:1.10.1] AndroidManifest.xml:22:5-24:47
29        android:name="com.example.per_rat.DYNAMIC_RECEIVER_NOT_EXPORTED_PERMISSION"
29-->[androidx.core:core:1.10.1] AndroidManifest.xml:23:9-81
30        android:protectionLevel="signature" />
30-->[androidx.core:core:1.10.1] AndroidManifest.xml:24:9-44
31
32    <uses-permission android:name="com.example.per_rat.DYNAMIC_RECEIVER_NOT_EXPORTED_PERMISSION" />
32-->[androidx.core:core:1.10.1] AndroidManifest.xml:26:5-97
32-->[androidx.core:core:1.10.1] AndroidManifest.xml:26:22-94
33
34    <application
35        android:name="android.app.Application"
36        android:appComponentFactory="androidx.core.app.CoreComponentFactory"
36-->[androidx.core:core:1.10.1] AndroidManifest.xml:28:18-86
37        android:debuggable="true"
38        android:icon="@mipmap/launcher_icon"
39        android:label="per_rat" >
40        <activity
41            android:name="com.example.per_rat.MainActivity"
42            android:configChanges="orientation|keyboardHidden|keyboard|screenSize|smallestScreenSize|locale|layoutDirection|fontScale|screenLayout|density|uiMode"
43            android:exported="true"
44            android:hardwareAccelerated="true"
45            android:launchMode="singleTop"
46            android:theme="@style/LaunchTheme"
47            android:windowSoftInputMode="adjustResize" >
48
49            <!--
50                 Specifies an Android theme to apply to this Activity as soon as
51                 the Android process has started. This theme is visible to the user
52                 while the Flutter UI initializes. After that, this theme continues
53                 to determine the Window background behind the Flutter UI.
54            -->
55            <meta-data
56                android:name="io.flutter.embedding.android.NormalTheme"
57                android:resource="@style/NormalTheme" />
58
59            <intent-filter>
60                <action android:name="android.intent.action.MAIN" />
61
62                <category android:name="android.intent.category.LAUNCHER" />
63            </intent-filter>
64        </activity>
65        <!--
66             Don't delete the meta-data below.
67             This is used by the Flutter tool to generate GeneratedPluginRegistrant.java
68        -->
69        <meta-data
70            android:name="flutterEmbedding"
71            android:value="2" />
72
73        <service
73-->[:firebase_auth] AndroidManifest.xml:10:9-14:19
74            android:name="com.google.firebase.components.ComponentDiscoveryService"
74-->[:firebase_auth] AndroidManifest.xml:10:18-89
75            android:directBootAware="true"
75-->[com.google.firebase:firebase-common:20.4.3] AndroidManifest.xml:32:13-43
76            android:exported="false" >
76-->[com.google.firebase:firebase-auth:22.3.1] AndroidManifest.xml:68:13-37
77            <meta-data
77-->[:firebase_auth] AndroidManifest.xml:11:13-13:85
78                android:name="com.google.firebase.components:io.flutter.plugins.firebase.auth.FlutterFirebaseAuthRegistrar"
78-->[:firebase_auth] AndroidManifest.xml:12:17-124
79                android:value="com.google.firebase.components.ComponentRegistrar" />
79-->[:firebase_auth] AndroidManifest.xml:13:17-82
80            <meta-data
80-->[:firebase_storage] AndroidManifest.xml:11:13-13:85
81                android:name="com.google.firebase.components:io.flutter.plugins.firebase.storage.FlutterFirebaseAppRegistrar"
81-->[:firebase_storage] AndroidManifest.xml:12:17-126
82                android:value="com.google.firebase.components.ComponentRegistrar" />
82-->[:firebase_storage] AndroidManifest.xml:13:17-82
83            <meta-data
83-->[:cloud_firestore] AndroidManifest.xml:11:13-13:85
84                android:name="com.google.firebase.components:io.flutter.plugins.firebase.firestore.FlutterFirebaseFirestoreRegistrar"
84-->[:cloud_firestore] AndroidManifest.xml:12:17-134
85                android:value="com.google.firebase.components.ComponentRegistrar" />
85-->[:cloud_firestore] AndroidManifest.xml:13:17-82
86            <meta-data
86-->[:firebase_messaging] AndroidManifest.xml:38:13-40:85
87                android:name="com.google.firebase.components:io.flutter.plugins.firebase.messaging.FlutterFirebaseAppRegistrar"
87-->[:firebase_messaging] AndroidManifest.xml:39:17-128
88                android:value="com.google.firebase.components.ComponentRegistrar" />
88-->[:firebase_messaging] AndroidManifest.xml:40:17-82
89            <meta-data
89-->[:firebase_core] AndroidManifest.xml:11:13-13:85
90                android:name="com.google.firebase.components:io.flutter.plugins.firebase.core.FlutterFirebaseCoreRegistrar"
90-->[:firebase_core] AndroidManifest.xml:12:17-124
91                android:value="com.google.firebase.components.ComponentRegistrar" />
91-->[:firebase_core] AndroidManifest.xml:13:17-82
92            <meta-data
92-->[com.google.firebase:firebase-auth:22.3.1] AndroidManifest.xml:69:13-71:85
93                android:name="com.google.firebase.components:com.google.firebase.auth.FirebaseAuthRegistrar"
93-->[com.google.firebase:firebase-auth:22.3.1] AndroidManifest.xml:70:17-109
94                android:value="com.google.firebase.components.ComponentRegistrar" />
94-->[com.google.firebase:firebase-auth:22.3.1] AndroidManifest.xml:71:17-82
95            <meta-data
95-->[com.google.firebase:firebase-firestore:24.11.0] AndroidManifest.xml:17:13-19:85
96                android:name="com.google.firebase.components:com.google.firebase.firestore.FirebaseFirestoreKtxRegistrar"
96-->[com.google.firebase:firebase-firestore:24.11.0] AndroidManifest.xml:18:17-122
97                android:value="com.google.firebase.components.ComponentRegistrar" />
97-->[com.google.firebase:firebase-firestore:24.11.0] AndroidManifest.xml:19:17-82
98            <meta-data
98-->[com.google.firebase:firebase-firestore:24.11.0] AndroidManifest.xml:20:13-22:85
99                android:name="com.google.firebase.components:com.google.firebase.firestore.FirestoreRegistrar"
99-->[com.google.firebase:firebase-firestore:24.11.0] AndroidManifest.xml:21:17-111
100                android:value="com.google.firebase.components.ComponentRegistrar" />
100-->[com.google.firebase:firebase-firestore:24.11.0] AndroidManifest.xml:22:17-82
101            <meta-data
101-->[com.google.firebase:firebase-messaging:23.4.1] AndroidManifest.xml:57:13-59:85
102                android:name="com.google.firebase.components:com.google.firebase.messaging.FirebaseMessagingKtxRegistrar"
102-->[com.google.firebase:firebase-messaging:23.4.1] AndroidManifest.xml:58:17-122
103                android:value="com.google.firebase.components.ComponentRegistrar" />
103-->[com.google.firebase:firebase-messaging:23.4.1] AndroidManifest.xml:59:17-82
104            <meta-data
104-->[com.google.firebase:firebase-messaging:23.4.1] AndroidManifest.xml:60:13-62:85
105                android:name="com.google.firebase.components:com.google.firebase.messaging.FirebaseMessagingRegistrar"
105-->[com.google.firebase:firebase-messaging:23.4.1] AndroidManifest.xml:61:17-119
106                android:value="com.google.firebase.components.ComponentRegistrar" />
106-->[com.google.firebase:firebase-messaging:23.4.1] AndroidManifest.xml:62:17-82
107            <meta-data
107-->[com.google.firebase:firebase-storage:20.3.0] AndroidManifest.xml:30:13-32:85
108                android:name="com.google.firebase.components:com.google.firebase.storage.FirebaseStorageKtxRegistrar"
108-->[com.google.firebase:firebase-storage:20.3.0] AndroidManifest.xml:31:17-118
109                android:value="com.google.firebase.components.ComponentRegistrar" />
109-->[com.google.firebase:firebase-storage:20.3.0] AndroidManifest.xml:32:17-82
110            <meta-data
110-->[com.google.firebase:firebase-storage:20.3.0] AndroidManifest.xml:33:13-35:85
111                android:name="com.google.firebase.components:com.google.firebase.storage.StorageRegistrar"
111-->[com.google.firebase:firebase-storage:20.3.0] AndroidManifest.xml:34:17-107
112                android:value="com.google.firebase.components.ComponentRegistrar" />
112-->[com.google.firebase:firebase-storage:20.3.0] AndroidManifest.xml:35:17-82
113            <meta-data
113-->[com.google.firebase:firebase-iid:21.1.0] AndroidManifest.xml:32:13-34:85
114                android:name="com.google.firebase.components:com.google.firebase.iid.Registrar"
114-->[com.google.firebase:firebase-iid:21.1.0] AndroidManifest.xml:33:17-96
115                android:value="com.google.firebase.components.ComponentRegistrar" />
115-->[com.google.firebase:firebase-iid:21.1.0] AndroidManifest.xml:34:17-82
116            <meta-data
116-->[com.google.firebase:firebase-installations:17.2.0] AndroidManifest.xml:15:13-17:85
117                android:name="com.google.firebase.components:com.google.firebase.installations.FirebaseInstallationsKtxRegistrar"
117-->[com.google.firebase:firebase-installations:17.2.0] AndroidManifest.xml:16:17-130
118                android:value="com.google.firebase.components.ComponentRegistrar" />
118-->[com.google.firebase:firebase-installations:17.2.0] AndroidManifest.xml:17:17-82
119            <meta-data
119-->[com.google.firebase:firebase-installations:17.2.0] AndroidManifest.xml:18:13-20:85
120                android:name="com.google.firebase.components:com.google.firebase.installations.FirebaseInstallationsRegistrar"
120-->[com.google.firebase:firebase-installations:17.2.0] AndroidManifest.xml:19:17-127
121                android:value="com.google.firebase.components.ComponentRegistrar" />
121-->[com.google.firebase:firebase-installations:17.2.0] AndroidManifest.xml:20:17-82
122            <meta-data
122-->[com.google.firebase:firebase-appcheck:17.1.2] AndroidManifest.xml:25:13-27:85
123                android:name="com.google.firebase.components:com.google.firebase.appcheck.FirebaseAppCheckKtxRegistrar"
123-->[com.google.firebase:firebase-appcheck:17.1.2] AndroidManifest.xml:26:17-120
124                android:value="com.google.firebase.components.ComponentRegistrar" />
124-->[com.google.firebase:firebase-appcheck:17.1.2] AndroidManifest.xml:27:17-82
125            <meta-data
125-->[com.google.firebase:firebase-appcheck:17.1.2] AndroidManifest.xml:28:13-30:85
126                android:name="com.google.firebase.components:com.google.firebase.appcheck.FirebaseAppCheckRegistrar"
126-->[com.google.firebase:firebase-appcheck:17.1.2] AndroidManifest.xml:29:17-117
127                android:value="com.google.firebase.components.ComponentRegistrar" />
127-->[com.google.firebase:firebase-appcheck:17.1.2] AndroidManifest.xml:30:17-82
128            <meta-data
128-->[com.google.firebase:firebase-common-ktx:20.4.3] AndroidManifest.xml:12:13-14:85
129                android:name="com.google.firebase.components:com.google.firebase.ktx.FirebaseCommonLegacyRegistrar"
129-->[com.google.firebase:firebase-common-ktx:20.4.3] AndroidManifest.xml:13:17-116
130                android:value="com.google.firebase.components.ComponentRegistrar" />
130-->[com.google.firebase:firebase-common-ktx:20.4.3] AndroidManifest.xml:14:17-82
131            <meta-data
131-->[com.google.firebase:firebase-common:20.4.3] AndroidManifest.xml:35:13-37:85
132                android:name="com.google.firebase.components:com.google.firebase.FirebaseCommonKtxRegistrar"
132-->[com.google.firebase:firebase-common:20.4.3] AndroidManifest.xml:36:17-109
133                android:value="com.google.firebase.components.ComponentRegistrar" />
133-->[com.google.firebase:firebase-common:20.4.3] AndroidManifest.xml:37:17-82
134            <meta-data
134-->[com.google.firebase:firebase-datatransport:18.1.7] AndroidManifest.xml:27:13-29:85
135                android:name="com.google.firebase.components:com.google.firebase.datatransport.TransportRegistrar"
135-->[com.google.firebase:firebase-datatransport:18.1.7] AndroidManifest.xml:28:17-115
136                android:value="com.google.firebase.components.ComponentRegistrar" />
136-->[com.google.firebase:firebase-datatransport:18.1.7] AndroidManifest.xml:29:17-82
137        </service>
138        <service
138-->[:firebase_messaging] AndroidManifest.xml:16:9-19:72
139            android:name="io.flutter.plugins.firebase.messaging.FlutterFirebaseMessagingBackgroundService"
139-->[:firebase_messaging] AndroidManifest.xml:17:13-107
140            android:exported="false"
140-->[:firebase_messaging] AndroidManifest.xml:18:13-37
141            android:permission="android.permission.BIND_JOB_SERVICE" />
141-->[:firebase_messaging] AndroidManifest.xml:19:13-69
142        <service
142-->[:firebase_messaging] AndroidManifest.xml:20:9-26:19
143            android:name="io.flutter.plugins.firebase.messaging.FlutterFirebaseMessagingService"
143-->[:firebase_messaging] AndroidManifest.xml:21:13-97
144            android:exported="false" >
144-->[:firebase_messaging] AndroidManifest.xml:22:13-37
145            <intent-filter>
145-->[:firebase_messaging] AndroidManifest.xml:23:13-25:29
146                <action android:name="com.google.firebase.MESSAGING_EVENT" />
146-->[:firebase_messaging] AndroidManifest.xml:24:17-78
146-->[:firebase_messaging] AndroidManifest.xml:24:25-75
147            </intent-filter>
148        </service>
149
150        <receiver
150-->[:firebase_messaging] AndroidManifest.xml:28:9-35:20
151            android:name="io.flutter.plugins.firebase.messaging.FlutterFirebaseMessagingReceiver"
151-->[:firebase_messaging] AndroidManifest.xml:29:13-98
152            android:exported="true"
152-->[:firebase_messaging] AndroidManifest.xml:30:13-36
153            android:permission="com.google.android.c2dm.permission.SEND" >
153-->[:firebase_messaging] AndroidManifest.xml:31:13-73
154            <intent-filter>
154-->[:firebase_messaging] AndroidManifest.xml:32:13-34:29
155                <action android:name="com.google.android.c2dm.intent.RECEIVE" />
155-->[:firebase_messaging] AndroidManifest.xml:33:17-81
155-->[:firebase_messaging] AndroidManifest.xml:33:25-78
156            </intent-filter>
157        </receiver>
158
159        <provider
159-->[:firebase_messaging] AndroidManifest.xml:43:9-47:38
160            android:name="io.flutter.plugins.firebase.messaging.FlutterFirebaseMessagingInitProvider"
160-->[:firebase_messaging] AndroidManifest.xml:44:13-102
161            android:authorities="com.example.per_rat.flutterfirebasemessaginginitprovider"
161-->[:firebase_messaging] AndroidManifest.xml:45:13-88
162            android:exported="false"
162-->[:firebase_messaging] AndroidManifest.xml:46:13-37
163            android:initOrder="99" />
163-->[:firebase_messaging] AndroidManifest.xml:47:13-35
164
165        <activity
165-->[:flutter_inappwebview] AndroidManifest.xml:16:9-20:47
166            android:name="com.pichillilorenzo.flutter_inappwebview.in_app_browser.InAppBrowserActivity"
166-->[:flutter_inappwebview] AndroidManifest.xml:17:13-104
167            android:configChanges="orientation|keyboardHidden|keyboard|screenSize|locale|layoutDirection|fontScale|screenLayout|density"
167-->[:flutter_inappwebview] AndroidManifest.xml:18:13-137
168            android:exported="false"
168-->[:flutter_inappwebview] AndroidManifest.xml:19:13-37
169            android:theme="@style/AppTheme" />
169-->[:flutter_inappwebview] AndroidManifest.xml:20:13-44
170        <activity
170-->[:flutter_inappwebview] AndroidManifest.xml:21:9-24:55
171            android:name="com.pichillilorenzo.flutter_inappwebview.chrome_custom_tabs.ChromeCustomTabsActivity"
171-->[:flutter_inappwebview] AndroidManifest.xml:22:13-112
172            android:exported="false"
172-->[:flutter_inappwebview] AndroidManifest.xml:23:13-37
173            android:theme="@style/ThemeTransparent" />
173-->[:flutter_inappwebview] AndroidManifest.xml:24:13-52
174        <activity
174-->[:flutter_inappwebview] AndroidManifest.xml:25:9-28:55
175            android:name="com.pichillilorenzo.flutter_inappwebview.chrome_custom_tabs.TrustedWebActivity"
175-->[:flutter_inappwebview] AndroidManifest.xml:26:13-106
176            android:exported="false"
176-->[:flutter_inappwebview] AndroidManifest.xml:27:13-37
177            android:theme="@style/ThemeTransparent" />
177-->[:flutter_inappwebview] AndroidManifest.xml:28:13-52
178        <activity
178-->[:flutter_inappwebview] AndroidManifest.xml:29:9-33:55
179            android:name="com.pichillilorenzo.flutter_inappwebview.chrome_custom_tabs.ChromeCustomTabsActivitySingleInstance"
179-->[:flutter_inappwebview] AndroidManifest.xml:30:13-126
180            android:exported="false"
180-->[:flutter_inappwebview] AndroidManifest.xml:31:13-37
181            android:launchMode="singleInstance"
181-->[:flutter_inappwebview] AndroidManifest.xml:32:13-48
182            android:theme="@style/ThemeTransparent" />
182-->[:flutter_inappwebview] AndroidManifest.xml:33:13-52
183        <activity
183-->[:flutter_inappwebview] AndroidManifest.xml:34:9-38:55
184            android:name="com.pichillilorenzo.flutter_inappwebview.chrome_custom_tabs.TrustedWebActivitySingleInstance"
184-->[:flutter_inappwebview] AndroidManifest.xml:35:13-120
185            android:exported="false"
185-->[:flutter_inappwebview] AndroidManifest.xml:36:13-37
186            android:launchMode="singleInstance"
186-->[:flutter_inappwebview] AndroidManifest.xml:37:13-48
187            android:theme="@style/ThemeTransparent" />
187-->[:flutter_inappwebview] AndroidManifest.xml:38:13-52
188
189        <receiver
189-->[:flutter_inappwebview] AndroidManifest.xml:40:9-43:40
190            android:name="com.pichillilorenzo.flutter_inappwebview.chrome_custom_tabs.ActionBroadcastReceiver"
190-->[:flutter_inappwebview] AndroidManifest.xml:41:13-111
191            android:enabled="true"
191-->[:flutter_inappwebview] AndroidManifest.xml:42:13-35
192            android:exported="false" />
192-->[:flutter_inappwebview] AndroidManifest.xml:43:13-37
193
194        <meta-data
194-->[:flutter_inappwebview] AndroidManifest.xml:45:9-47:36
195            android:name="io.flutter.embedded_views_preview"
195-->[:flutter_inappwebview] AndroidManifest.xml:46:13-61
196            android:value="true" />
196-->[:flutter_inappwebview] AndroidManifest.xml:47:13-33
197
198        <provider
198-->[:image_picker_android] AndroidManifest.xml:11:9-19:20
199            android:name="io.flutter.plugins.imagepicker.ImagePickerFileProvider"
199-->[:image_picker_android] AndroidManifest.xml:12:13-82
200            android:authorities="com.example.per_rat.flutter.image_provider"
200-->[:image_picker_android] AndroidManifest.xml:13:13-74
201            android:exported="false"
201-->[:image_picker_android] AndroidManifest.xml:14:13-37
202            android:grantUriPermissions="true" >
202-->[:image_picker_android] AndroidManifest.xml:15:13-47
203            <meta-data
203-->[:image_picker_android] AndroidManifest.xml:16:13-18:75
204                android:name="android.support.FILE_PROVIDER_PATHS"
204-->[:image_picker_android] AndroidManifest.xml:17:17-67
205                android:resource="@xml/flutter_image_picker_file_paths" />
205-->[:image_picker_android] AndroidManifest.xml:18:17-72
206        </provider> <!-- Trigger Google Play services to install the backported photo picker module. -->
207        <service
207-->[:image_picker_android] AndroidManifest.xml:21:9-33:19
208            android:name="com.google.android.gms.metadata.ModuleDependencies"
208-->[:image_picker_android] AndroidManifest.xml:22:13-78
209            android:enabled="false"
209-->[:image_picker_android] AndroidManifest.xml:23:13-36
210            android:exported="false" >
210-->[:image_picker_android] AndroidManifest.xml:24:13-37
211            <intent-filter>
211-->[:image_picker_android] AndroidManifest.xml:26:13-28:29
212                <action android:name="com.google.android.gms.metadata.MODULE_DEPENDENCIES" />
212-->[:image_picker_android] AndroidManifest.xml:27:17-94
212-->[:image_picker_android] AndroidManifest.xml:27:25-91
213            </intent-filter>
214
215            <meta-data
215-->[:image_picker_android] AndroidManifest.xml:30:13-32:36
216                android:name="photopicker_activity:0:required"
216-->[:image_picker_android] AndroidManifest.xml:31:17-63
217                android:value="" />
217-->[:image_picker_android] AndroidManifest.xml:32:17-33
218        </service>
219
220        <activity
220-->[com.google.firebase:firebase-auth:22.3.1] AndroidManifest.xml:29:9-46:20
221            android:name="com.google.firebase.auth.internal.GenericIdpActivity"
221-->[com.google.firebase:firebase-auth:22.3.1] AndroidManifest.xml:30:13-80
222            android:excludeFromRecents="true"
222-->[com.google.firebase:firebase-auth:22.3.1] AndroidManifest.xml:31:13-46
223            android:exported="true"
223-->[com.google.firebase:firebase-auth:22.3.1] AndroidManifest.xml:32:13-36
224            android:launchMode="singleTask"
224-->[com.google.firebase:firebase-auth:22.3.1] AndroidManifest.xml:33:13-44
225            android:theme="@android:style/Theme.Translucent.NoTitleBar" >
225-->[com.google.firebase:firebase-auth:22.3.1] AndroidManifest.xml:34:13-72
226            <intent-filter>
226-->[com.google.firebase:firebase-auth:22.3.1] AndroidManifest.xml:35:13-45:29
227                <action android:name="android.intent.action.VIEW" />
227-->[com.google.firebase:firebase-auth:22.3.1] AndroidManifest.xml:36:17-69
227-->[com.google.firebase:firebase-auth:22.3.1] AndroidManifest.xml:36:25-66
228
229                <category android:name="android.intent.category.DEFAULT" />
229-->[com.google.firebase:firebase-auth:22.3.1] AndroidManifest.xml:38:17-76
229-->[com.google.firebase:firebase-auth:22.3.1] AndroidManifest.xml:38:27-73
230                <category android:name="android.intent.category.BROWSABLE" />
230-->[com.google.firebase:firebase-auth:22.3.1] AndroidManifest.xml:39:17-78
230-->[com.google.firebase:firebase-auth:22.3.1] AndroidManifest.xml:39:27-75
231
232                <data
232-->[com.google.firebase:firebase-auth:22.3.1] AndroidManifest.xml:41:17-44:51
233                    android:host="firebase.auth"
233-->[com.google.firebase:firebase-auth:22.3.1] AndroidManifest.xml:42:21-49
234                    android:path="/"
234-->[com.google.firebase:firebase-auth:22.3.1] AndroidManifest.xml:43:21-37
235                    android:scheme="genericidp" />
235-->[com.google.firebase:firebase-auth:22.3.1] AndroidManifest.xml:44:21-48
236            </intent-filter>
237        </activity>
238        <activity
238-->[com.google.firebase:firebase-auth:22.3.1] AndroidManifest.xml:47:9-64:20
239            android:name="com.google.firebase.auth.internal.RecaptchaActivity"
239-->[com.google.firebase:firebase-auth:22.3.1] AndroidManifest.xml:48:13-79
240            android:excludeFromRecents="true"
240-->[com.google.firebase:firebase-auth:22.3.1] AndroidManifest.xml:49:13-46
241            android:exported="true"
241-->[com.google.firebase:firebase-auth:22.3.1] AndroidManifest.xml:50:13-36
242            android:launchMode="singleTask"
242-->[com.google.firebase:firebase-auth:22.3.1] AndroidManifest.xml:51:13-44
243            android:theme="@android:style/Theme.Translucent.NoTitleBar" >
243-->[com.google.firebase:firebase-auth:22.3.1] AndroidManifest.xml:52:13-72
244            <intent-filter>
244-->[com.google.firebase:firebase-auth:22.3.1] AndroidManifest.xml:53:13-63:29
245                <action android:name="android.intent.action.VIEW" />
245-->[com.google.firebase:firebase-auth:22.3.1] AndroidManifest.xml:36:17-69
245-->[com.google.firebase:firebase-auth:22.3.1] AndroidManifest.xml:36:25-66
246
247                <category android:name="android.intent.category.DEFAULT" />
247-->[com.google.firebase:firebase-auth:22.3.1] AndroidManifest.xml:38:17-76
247-->[com.google.firebase:firebase-auth:22.3.1] AndroidManifest.xml:38:27-73
248                <category android:name="android.intent.category.BROWSABLE" />
248-->[com.google.firebase:firebase-auth:22.3.1] AndroidManifest.xml:39:17-78
248-->[com.google.firebase:firebase-auth:22.3.1] AndroidManifest.xml:39:27-75
249
250                <data
250-->[com.google.firebase:firebase-auth:22.3.1] AndroidManifest.xml:41:17-44:51
251                    android:host="firebase.auth"
251-->[com.google.firebase:firebase-auth:22.3.1] AndroidManifest.xml:42:21-49
252                    android:path="/"
252-->[com.google.firebase:firebase-auth:22.3.1] AndroidManifest.xml:43:21-37
253                    android:scheme="recaptcha" />
253-->[com.google.firebase:firebase-auth:22.3.1] AndroidManifest.xml:44:21-48
254            </intent-filter>
255        </activity>
256
257        <receiver
257-->[com.google.firebase:firebase-messaging:23.4.1] AndroidManifest.xml:29:9-40:20
258            android:name="com.google.firebase.iid.FirebaseInstanceIdReceiver"
258-->[com.google.firebase:firebase-messaging:23.4.1] AndroidManifest.xml:30:13-78
259            android:exported="true"
259-->[com.google.firebase:firebase-messaging:23.4.1] AndroidManifest.xml:31:13-36
260            android:permission="com.google.android.c2dm.permission.SEND" >
260-->[com.google.firebase:firebase-messaging:23.4.1] AndroidManifest.xml:32:13-73
261            <intent-filter>
261-->[:firebase_messaging] AndroidManifest.xml:32:13-34:29
262                <action android:name="com.google.android.c2dm.intent.RECEIVE" />
262-->[:firebase_messaging] AndroidManifest.xml:33:17-81
262-->[:firebase_messaging] AndroidManifest.xml:33:25-78
263            </intent-filter>
264
265            <meta-data
265-->[com.google.firebase:firebase-messaging:23.4.1] AndroidManifest.xml:37:13-39:40
266                android:name="com.google.android.gms.cloudmessaging.FINISHED_AFTER_HANDLED"
266-->[com.google.firebase:firebase-messaging:23.4.1] AndroidManifest.xml:38:17-92
267                android:value="true" />
267-->[com.google.firebase:firebase-messaging:23.4.1] AndroidManifest.xml:39:17-37
268        </receiver>
269        <!--
270             FirebaseMessagingService performs security checks at runtime,
271             but set to not exported to explicitly avoid allowing another app to call it.
272        -->
273        <service
273-->[com.google.firebase:firebase-messaging:23.4.1] AndroidManifest.xml:46:9-53:19
274            android:name="com.google.firebase.messaging.FirebaseMessagingService"
274-->[com.google.firebase:firebase-messaging:23.4.1] AndroidManifest.xml:47:13-82
275            android:directBootAware="true"
275-->[com.google.firebase:firebase-messaging:23.4.1] AndroidManifest.xml:48:13-43
276            android:exported="false" >
276-->[com.google.firebase:firebase-messaging:23.4.1] AndroidManifest.xml:49:13-37
277            <intent-filter android:priority="-500" >
277-->[:firebase_messaging] AndroidManifest.xml:23:13-25:29
278                <action android:name="com.google.firebase.MESSAGING_EVENT" />
278-->[:firebase_messaging] AndroidManifest.xml:24:17-78
278-->[:firebase_messaging] AndroidManifest.xml:24:25-75
279            </intent-filter>
280        </service>
281
282        <activity
282-->[com.google.android.gms:play-services-auth:21.0.0] AndroidManifest.xml:23:9-27:75
283            android:name="com.google.android.gms.auth.api.signin.internal.SignInHubActivity"
283-->[com.google.android.gms:play-services-auth:21.0.0] AndroidManifest.xml:24:13-93
284            android:excludeFromRecents="true"
284-->[com.google.android.gms:play-services-auth:21.0.0] AndroidManifest.xml:25:13-46
285            android:exported="false"